<?xml version="1.0" encoding="utf-8"?><testsuites name="pytest tests"><testsuite name="pytest" errors="0" failures="0" skipped="0" tests="25" time="12.766" timestamp="2026-02-11T20:08:58.446493+00:00" hostname="agent-env-a1566527-4dc2-4a03-ae02-9a0b4cde1a94"><testcase classname="backend.tests.test_iteration10_comprehensive.TestAuthEndpoints" name="test_signup_new_user" time="4.033" /><testcase classname="backend.tests.test_iteration10_comprehensive.TestAuthEndpoints" name="test_signup_duplicate_rejected" time="0.056" /><testcase classname="backend.tests.test_iteration10_comprehensive.TestAuthEndpoints" name="test_signin_success" time="0.289" /><testcase classname="backend.tests.test_iteration10_comprehensive.TestAuthEndpoints" name="test_signin_invalid_password" time="0.287" /><testcase classname="backend.tests.test_iteration10_comprehensive.TestAuthEndpoints" name="test_get_me_authenticated" time="0.314" /><testcase classname="backend.tests.test_iteration10_comprehensive.TestAuthEndpoints" name="test_get_me_unauthorized" time="0.048" /><testcase classname="backend.tests.test_iteration10_comprehensive.TestPricesEndpoint" name="test_get_prices" time="0.179" /><testcase classname="backend.tests.test_iteration10_comprehensive.TestPricesEndpoint" name="test_prices_include_ton" time="0.060" /><testcase classname="backend.tests.test_iteration10_comprehensive.TestPricesEndpoint" name="test_prices_include_major_cryptos" time="0.036" /><testcase classname="backend.tests.test_iteration10_comprehensive.TestTransactionEndpoints" name="test_create_transaction_with_fees" time="0.330" /><testcase classname="backend.tests.test_iteration10_comprehensive.TestTransactionEndpoints" name="test_create_transaction_below_threshold" time="0.298" /><testcase classname="backend.tests.test_iteration10_comprehensive.TestTransactionEndpoints" name="test_create_transaction_minimum_rejected" time="0.300" /><testcase classname="backend.tests.test_iteration10_comprehensive.TestTransactionEndpoints" name="test_get_transactions" time="0.298" /><testcase classname="backend.tests.test_iteration10_comprehensive.TestWalletEndpoints" name="test_connect_wallet" time="0.300" /><testcase classname="backend.tests.test_iteration10_comprehensive.TestWalletEndpoints" name="test_disconnect_wallet" time="0.348" /><testcase classname="backend.tests.test_iteration10_comprehensive.TestBankAccountEndpoints" name="test_add_bank_account" time="0.312" /><testcase classname="backend.tests.test_iteration10_comprehensive.TestBankAccountEndpoints" name="test_get_bank_accounts" time="0.303" /><testcase classname="backend.tests.test_iteration10_comprehensive.TestBankAccountEndpoints" name="test_delete_bank_account" time="0.341" /><testcase classname="backend.tests.test_iteration10_comprehensive.TestProfileEndpoint" name="test_update_profile" time="0.316" /><testcase classname="backend.tests.test_iteration10_comprehensive.TestChatEndpoint" name="test_chat_endpoint" time="2.458" /><testcase classname="backend.tests.test_iteration10_comprehensive.TestAdminEndpoints" name="test_admin_stats" time="0.359" /><testcase classname="backend.tests.test_iteration10_comprehensive.TestAdminEndpoints" name="test_admin_transactions" time="0.398" /><testcase classname="backend.tests.test_iteration10_comprehensive.TestAdminEndpoints" name="test_admin_users" time="0.325" /><testcase classname="backend.tests.test_iteration10_comprehensive.TestAdminEndpoints" name="test_admin_forbidden_for_regular_user" time="0.344" /><testcase classname="backend.tests.test_iteration10_comprehensive.TestHealthCheck" name="test_api_health" time="0.044" /></testsuite></testsuites>