<?xml version="1.0" encoding="utf-8"?><testsuites name="pytest tests"><testsuite name="pytest" errors="0" failures="0" skipped="0" tests="19" time="7.488" timestamp="2026-02-11T12:37:07.107104+00:00" hostname="agent-env-bdb46b81-84d7-4a7d-ad2c-6954cc8a3c13"><testcase classname="backend.tests.test_meridiant_api.TestHealthAndPrices" name="test_api_health" time="0.103" /><testcase classname="backend.tests.test_meridiant_api.TestHealthAndPrices" name="test_prices_endpoint" time="0.139" /><testcase classname="backend.tests.test_meridiant_api.TestAuthSignIn" name="test_signin_with_valid_credentials" time="0.284" /><testcase classname="backend.tests.test_meridiant_api.TestAuthSignIn" name="test_signin_with_invalid_credentials" time="0.277" /><testcase classname="backend.tests.test_meridiant_api.TestAuthSignIn" name="test_signin_with_nonexistent_user" time="0.049" /><testcase classname="backend.tests.test_meridiant_api.TestGoogleAuth" name="test_google_auth_invalid_credential" time="0.099" /><testcase classname="backend.tests.test_meridiant_api.TestGoogleAuth" name="test_google_auth_endpoint_exists" time="0.041" /><testcase classname="backend.tests.test_meridiant_api.TestAuthSignUp" name="test_signup_with_new_user" time="0.261" /><testcase classname="backend.tests.test_meridiant_api.TestAuthSignUp" name="test_signup_duplicate_email" time="0.041" /><testcase classname="backend.tests.test_meridiant_api.TestTransactions" name="test_create_transaction_with_chain_and_hash" time="0.314" /><testcase classname="backend.tests.test_meridiant_api.TestTransactions" name="test_create_transaction_without_hash" time="0.317" /><testcase classname="backend.tests.test_meridiant_api.TestTransactions" name="test_create_transaction_requires_auth" time="0.033" /><testcase classname="backend.tests.test_meridiant_api.TestTransactions" name="test_list_transactions" time="0.302" /><testcase classname="backend.tests.test_meridiant_api.TestWallet" name="test_connect_wallet" time="0.299" /><testcase classname="backend.tests.test_meridiant_api.TestWallet" name="test_disconnect_wallet" time="0.307" /><testcase classname="backend.tests.test_meridiant_api.TestWalletBalances" name="test_wallet_balances_bsc_polygon" time="2.273" /><testcase classname="backend.tests.test_meridiant_api.TestWalletBalances" name="test_wallet_balances_invalid_address" time="1.939" /><testcase classname="backend.tests.test_meridiant_api.TestAuthMe" name="test_auth_me_with_valid_token" time="0.296" /><testcase classname="backend.tests.test_meridiant_api.TestAuthMe" name="test_auth_me_requires_token" time="0.031" /></testsuite></testsuites>