<?xml version="1.0" encoding="utf-8"?><testsuites name="pytest tests"><testsuite name="pytest" errors="0" failures="0" skipped="0" tests="11" time="2.582" timestamp="2026-02-11T19:53:27.468700+00:00" hostname="agent-env-4900034e-d182-451a-b4c0-41c97ca5175a"><testcase classname="backend.tests.test_iteration9_new_features.TestAuthEndpoints" name="test_signup_new_user" time="0.361" /><testcase classname="backend.tests.test_iteration9_new_features.TestAuthEndpoints" name="test_signup_duplicate_email_rejected" time="0.039" /><testcase classname="backend.tests.test_iteration9_new_features.TestAuthEndpoints" name="test_signin_success" time="0.267" /><testcase classname="backend.tests.test_iteration9_new_features.TestAuthEndpoints" name="test_signin_invalid_password" time="0.261" /><testcase classname="backend.tests.test_iteration9_new_features.TestPricesEndpoint" name="test_get_prices_includes_ton" time="0.042" /><testcase classname="backend.tests.test_iteration9_new_features.TestTransactionFees" name="test_transaction_100000_idr_full_fees" time="0.307" /><testcase classname="backend.tests.test_iteration9_new_features.TestTransactionFees" name="test_transaction_30000_idr_only_trade_fee" time="0.303" /><testcase classname="backend.tests.test_iteration9_new_features.TestTransactionFees" name="test_transaction_below_minimum_rejected" time="0.306" /><testcase classname="backend.tests.test_iteration9_new_features.TestTransactionFees" name="test_transaction_50000_idr_threshold" time="0.299" /><testcase classname="backend.tests.test_iteration9_new_features.TestTransactionFees" name="test_transaction_49999_idr_below_threshold" time="0.295" /><testcase classname="backend.tests.test_iteration9_new_features.TestHealthAndBasics" name="test_health_check" time="0.037" /></testsuite></testsuites>