<?xml version="1.0" encoding="utf-8"?><testsuites name="pytest tests"><testsuite name="pytest" errors="0" failures="0" skipped="0" tests="11" time="2.551" timestamp="2026-02-11T20:32:42.498006+00:00" hostname="agent-env-a1566527-4dc2-4a03-ae02-9a0b4cde1a94"><testcase classname="backend.tests.test_iteration11_aset_saya.TestAuthenticationFlow" name="test_signin_success" time="0.398" /><testcase classname="backend.tests.test_iteration11_aset_saya.TestAuthenticationFlow" name="test_user_has_wallet_connected" time="0.000" /><testcase classname="backend.tests.test_iteration11_aset_saya.TestWalletConnect" name="test_wallet_connect" time="0.046" /><testcase classname="backend.tests.test_iteration11_aset_saya.TestPricesForIDRCalculation" name="test_prices_returns_rates" time="0.136" /><testcase classname="backend.tests.test_iteration11_aset_saya.TestPricesForIDRCalculation" name="test_prices_has_idr_rates_for_tokens_with_balances" time="0.047" /><testcase classname="backend.tests.test_iteration11_aset_saya.TestPricesForIDRCalculation" name="test_prices_has_ton_support" time="0.049" /><testcase classname="backend.tests.test_iteration11_aset_saya.TestWalletBalances" name="test_wallet_balances_endpoint" time="0.836" /><testcase classname="backend.tests.test_iteration11_aset_saya.TestWalletBalances" name="test_wallet_balances_returns_correct_structure" time="0.734" /><testcase classname="backend.tests.test_iteration11_aset_saya.TestAuthProtectedEndpoints" name="test_wallet_connect_requires_auth" time="0.047" /><testcase classname="backend.tests.test_iteration11_aset_saya.TestAuthProtectedEndpoints" name="test_wallet_disconnect_requires_auth" time="0.047" /><testcase classname="backend.tests.test_iteration11_aset_saya.TestGetMe" name="test_get_me_returns_wallet_info" time="0.055" /></testsuite></testsuites>