<?xml version="1.0" encoding="utf-8"?><testsuites name="pytest tests"><testsuite name="pytest" errors="0" failures="0" skipped="0" tests="13" time="7.480" timestamp="2026-02-11T19:25:23.183874+00:00" hostname="agent-env-4900034e-d182-451a-b4c0-41c97ca5175a"><testcase classname="tests.test_iteration8_mobile.TestHealthEndpoint" name="test_api_health_check" time="0.133" /><testcase classname="tests.test_iteration8_mobile.TestAuthEndpoints" name="test_signin_success" time="0.294" /><testcase classname="tests.test_iteration8_mobile.TestAuthEndpoints" name="test_signin_invalid_password" time="0.267" /><testcase classname="tests.test_iteration8_mobile.TestAuthEndpoints" name="test_get_me_with_token" time="0.303" /><testcase classname="tests.test_iteration8_mobile.TestPricesEndpoint" name="test_get_prices" time="0.042" /><testcase classname="tests.test_iteration8_mobile.TestTransactions" name="test_create_transfer" time="0.305" /><testcase classname="tests.test_iteration8_mobile.TestTransactions" name="test_reject_below_minimum_idr" time="0.298" /><testcase classname="tests.test_iteration8_mobile.TestTransactions" name="test_get_transactions" time="0.301" /><testcase classname="tests.test_iteration8_mobile.TestProfileEndpoint" name="test_update_profile" time="0.343" /><testcase classname="tests.test_iteration8_mobile.TestBankAccounts" name="test_get_bank_accounts" time="0.376" /><testcase classname="tests.test_iteration8_mobile.TestChatEndpoint" name="test_chat_message" time="4.130" /><testcase classname="tests.test_iteration8_mobile.TestAdminEndpoints" name="test_admin_stats_success" time="0.322" /><testcase classname="tests.test_iteration8_mobile.TestAdminEndpoints" name="test_admin_stats_forbidden_for_regular_user" time="0.304" /></testsuite></testsuites>