<?xml version="1.0" encoding="utf-8"?><testsuites name="pytest tests"><testsuite name="pytest" errors="0" failures="0" skipped="0" tests="25" time="5.752" timestamp="2026-02-11T17:53:15.754517+00:00" hostname="agent-env-31b27a4a-b894-4ec8-8483-1ff3daa98341"><testcase classname="backend.tests.test_meridiant_api.TestHealthAndPrices" name="test_api_health" time="0.089" /><testcase classname="backend.tests.test_meridiant_api.TestHealthAndPrices" name="test_prices_endpoint" time="0.143" /><testcase classname="backend.tests.test_meridiant_api.TestAuthSignIn" name="test_signin_with_valid_credentials" time="0.291" /><testcase classname="backend.tests.test_meridiant_api.TestAuthSignIn" name="test_signin_with_invalid_credentials" time="0.265" /><testcase classname="backend.tests.test_meridiant_api.TestAuthSignIn" name="test_signin_with_nonexistent_user" time="0.040" /><testcase classname="backend.tests.test_meridiant_api.TestGoogleAuth" name="test_google_auth_invalid_credential" time="0.095" /><testcase classname="backend.tests.test_meridiant_api.TestGoogleAuth" name="test_google_auth_endpoint_exists" time="0.039" /><testcase classname="backend.tests.test_meridiant_api.TestAuthSignUp" name="test_signup_with_new_user" time="0.267" /><testcase classname="backend.tests.test_meridiant_api.TestAuthSignUp" name="test_signup_duplicate_email" time="0.037" /><testcase classname="backend.tests.test_meridiant_api.TestTransactions" name="test_create_transaction_with_chain_and_hash" time="0.332" /><testcase classname="backend.tests.test_meridiant_api.TestTransactions" name="test_create_transaction_without_hash" time="0.318" /><testcase classname="backend.tests.test_meridiant_api.TestTransactions" name="test_create_transaction_requires_auth" time="0.035" /><testcase classname="backend.tests.test_meridiant_api.TestTransactions" name="test_list_transactions" time="0.305" /><testcase classname="backend.tests.test_meridiant_api.TestWallet" name="test_connect_wallet" time="0.299" /><testcase classname="backend.tests.test_meridiant_api.TestWallet" name="test_disconnect_wallet" time="0.338" /><testcase classname="backend.tests.test_meridiant_api.TestWalletBalances" name="test_wallet_balances_bsc_polygon" time="0.519" /><testcase classname="backend.tests.test_meridiant_api.TestWalletBalances" name="test_wallet_balances_invalid_address" time="0.492" /><testcase classname="backend.tests.test_meridiant_api.TestAuthMe" name="test_auth_me_with_valid_token" time="0.340" /><testcase classname="backend.tests.test_meridiant_api.TestAuthMe" name="test_auth_me_requires_token" time="0.040" /><testcase classname="backend.tests.test_meridiant_api.TestProfile" name="test_update_profile" time="0.333" /><testcase classname="backend.tests.test_meridiant_api.TestProfile" name="test_update_profile_requires_auth" time="0.032" /><testcase classname="backend.tests.test_meridiant_api.TestBankAccounts" name="test_add_bank_account" time="0.298" /><testcase classname="backend.tests.test_meridiant_api.TestBankAccounts" name="test_get_bank_accounts" time="0.329" /><testcase classname="backend.tests.test_meridiant_api.TestBankAccounts" name="test_delete_bank_account" time="0.346" /><testcase classname="backend.tests.test_meridiant_api.TestBankAccounts" name="test_bank_accounts_require_auth" time="0.036" /></testsuite></testsuites>