<?xml version="1.0" encoding="utf-8"?><testsuites name="pytest tests"><testsuite name="pytest" errors="0" failures="0" skipped="0" tests="16" time="14.957" timestamp="2026-02-11T18:39:55.741673+00:00" hostname="agent-env-31b27a4a-b894-4ec8-8483-1ff3daa98341"><testcase classname="backend.tests.test_new_features.TestChatbotEndpoint" name="test_chat_endpoint_exists" time="0.746" /><testcase classname="backend.tests.test_new_features.TestChatbotEndpoint" name="test_chat_with_message" time="2.288" /><testcase classname="backend.tests.test_new_features.TestChatbotEndpoint" name="test_chat_session_continuity" time="6.390" /><testcase classname="backend.tests.test_new_features.TestChatbotEndpoint" name="test_chat_empty_message" time="1.942" /><testcase classname="backend.tests.test_new_features.TestAdminAuth" name="test_admin_signin" time="0.294" /><testcase classname="backend.tests.test_new_features.TestAdminStats" name="test_admin_stats_requires_auth" time="0.041" /><testcase classname="backend.tests.test_new_features.TestAdminStats" name="test_admin_stats_requires_admin_role" time="0.303" /><testcase classname="backend.tests.test_new_features.TestAdminStats" name="test_admin_stats_returns_data" time="0.343" /><testcase classname="backend.tests.test_new_features.TestAdminTransactions" name="test_admin_transactions_requires_admin" time="0.306" /><testcase classname="backend.tests.test_new_features.TestAdminTransactions" name="test_admin_transactions_returns_paginated_list" time="0.306" /><testcase classname="backend.tests.test_new_features.TestAdminUsers" name="test_admin_users_requires_admin" time="0.305" /><testcase classname="backend.tests.test_new_features.TestAdminUsers" name="test_admin_users_returns_paginated_list" time="0.307" /><testcase classname="backend.tests.test_new_features.TestTelegramConfig" name="test_get_telegram_config_requires_admin" time="0.300" /><testcase classname="backend.tests.test_new_features.TestTelegramConfig" name="test_post_telegram_config_requires_admin" time="0.305" /><testcase classname="backend.tests.test_new_features.TestTelegramConfig" name="test_get_telegram_config_status" time="0.297" /><testcase classname="backend.tests.test_new_features.TestTelegramConfig" name="test_post_telegram_config_validation" time="0.299" /></testsuite></testsuites>