<?xml version="1.0" encoding="utf-8"?><testsuites name="pytest tests"><testsuite name="pytest" errors="0" failures="0" skipped="0" tests="22" time="8.531" timestamp="2026-02-11T19:19:26.779363+00:00" hostname="agent-env-4900034e-d182-451a-b4c0-41c97ca5175a"><testcase classname="backend.tests.test_iteration7_comprehensive.TestHealthEndpoint" name="test_api_health_check" time="0.078" /><testcase classname="backend.tests.test_iteration7_comprehensive.TestUserSignup" name="test_signup_new_user" time="0.266" /><testcase classname="backend.tests.test_iteration7_comprehensive.TestUserSignup" name="test_signup_duplicate_email" time="0.041" /><testcase classname="backend.tests.test_iteration7_comprehensive.TestUserSignin" name="test_signin_success" time="0.274" /><testcase classname="backend.tests.test_iteration7_comprehensive.TestUserSignin" name="test_signin_invalid_password" time="0.263" /><testcase classname="backend.tests.test_iteration7_comprehensive.TestUserSignin" name="test_signin_invalid_email" time="0.041" /><testcase classname="backend.tests.test_iteration7_comprehensive.TestGetMe" name="test_get_me_success" time="0.319" /><testcase classname="backend.tests.test_iteration7_comprehensive.TestGetMe" name="test_get_me_no_token" time="0.346" /><testcase classname="backend.tests.test_iteration7_comprehensive.TestGetMe" name="test_get_me_invalid_token" time="0.299" /><testcase classname="backend.tests.test_iteration7_comprehensive.TestWalletConnect" name="test_wallet_connect" time="0.343" /><testcase classname="backend.tests.test_iteration7_comprehensive.TestWalletConnect" name="test_wallet_disconnect" time="0.333" /><testcase classname="backend.tests.test_iteration7_comprehensive.TestPricesEndpoint" name="test_get_prices" time="0.178" /><testcase classname="backend.tests.test_iteration7_comprehensive.TestTransactions" name="test_create_transfer_transaction" time="0.305" /><testcase classname="backend.tests.test_iteration7_comprehensive.TestTransactions" name="test_reject_below_minimum_idr" time="0.296" /><testcase classname="backend.tests.test_iteration7_comprehensive.TestTransactions" name="test_create_withdraw_transaction" time="0.297" /><testcase classname="backend.tests.test_iteration7_comprehensive.TestTransactions" name="test_get_transactions_list" time="0.294" /><testcase classname="backend.tests.test_iteration7_comprehensive.TestProfileUpdate" name="test_update_profile" time="0.338" /><testcase classname="backend.tests.test_iteration7_comprehensive.TestBankAccounts" name="test_add_bank_account" time="0.296" /><testcase classname="backend.tests.test_iteration7_comprehensive.TestBankAccounts" name="test_get_bank_accounts" time="0.298" /><testcase classname="backend.tests.test_iteration7_comprehensive.TestChatEndpoint" name="test_chat_message" time="2.377" /><testcase classname="backend.tests.test_iteration7_comprehensive.TestAdminEndpoints" name="test_admin_stats" time="0.636" /><testcase classname="backend.tests.test_iteration7_comprehensive.TestAdminEndpoints" name="test_admin_stats_forbidden_for_regular_user" time="0.553" /></testsuite></testsuites>