<?xml version="1.0" encoding="utf-8"?><testsuites name="pytest tests"><testsuite name="pytest" errors="0" failures="0" skipped="0" tests="10" time="2.454" timestamp="2026-02-11T18:59:00.768306+00:00" hostname="agent-env-31b27a4a-b894-4ec8-8483-1ff3daa98341"><testcase classname="backend.tests.test_iteration6_min_amount.TestMinimumAmountValidation" name="test_reject_amount_below_minimum" time="0.416" /><testcase classname="backend.tests.test_iteration6_min_amount.TestMinimumAmountValidation" name="test_accept_amount_at_minimum" time="0.304" /><testcase classname="backend.tests.test_iteration6_min_amount.TestMinimumAmountValidation" name="test_accept_amount_above_minimum" time="0.305" /><testcase classname="backend.tests.test_iteration6_min_amount.TestMinimumAmountValidation" name="test_non_idr_transfer_no_minimum" time="0.303" /><testcase classname="backend.tests.test_iteration6_min_amount.TestMinimumAmountValidation" name="test_withdraw_no_idr_minimum_check" time="0.300" /><testcase classname="backend.tests.test_iteration6_min_amount.TestAuthEndpoints" name="test_signin_success" time="0.266" /><testcase classname="backend.tests.test_iteration6_min_amount.TestAuthEndpoints" name="test_signin_invalid_credentials" time="0.262" /><testcase classname="backend.tests.test_iteration6_min_amount.TestAuthEndpoints" name="test_signup_duplicate_email" time="0.040" /><testcase classname="backend.tests.test_iteration6_min_amount.TestHealthAndPrices" name="test_api_root" time="0.036" /><testcase classname="backend.tests.test_iteration6_min_amount.TestHealthAndPrices" name="test_prices_endpoint" time="0.037" /></testsuite></testsuites>